#
# There is insufficient memory for the Java Runtime Environment to continue.
# Native memory allocation (mmap) failed to map 268435456 bytes for Failed to commit area from 0x0000000700c00000 to 0x0000000710c00000 of length 268435456.
# Possible reasons:
#   The system is out of physical RAM or swap space
#   The process is running with CompressedOops enabled, and the Java Heap may be blocking the growth of the native heap
# Possible solutions:
#   Reduce memory load on the system
#   Increase physical memory or swap space
#   Check if swap backing store is full
#   Decrease Java heap size (-Xmx/-Xms)
#   Decrease number of Java threads
#   Decrease Java thread stack sizes (-Xss)
#   Set larger code cache with -XX:ReservedCodeCacheSize=
# This output file may be truncated or incomplete.
#
#  Out of Memory Error (./open/src/hotspot/os/windows/os_windows.cpp:3273), pid=21592, tid=20784
#
# JRE version:  (11.0.11+9) (build )
# Java VM: Java HotSpot(TM) 64-Bit Server VM (11.0.11+9-LTS-194, mixed mode, sharing, tiered, compressed oops, g1 gc, windows-amd64)
# No core dump will be written. Minidumps are not enabled by default on client versions of Windows
#

---------------  S U M M A R Y ------------

Command Line: -Dfile.encoding=UTF-8 btt_telecom.api.ApiApplication

Host: AMD Ryzen 5 2600 Six-Core Processor            , 12 cores, 15G,  Windows 10 , 64 bit Build 19041 (10.0.19041.1645)
Time: Sun May  8 20:34:23 2022 Hora oficial do Brasil elapsed time: 0.015277 seconds (0d 0h 0m 0s)

---------------  T H R E A D  ---------------

Current thread (0x00000287a81ee800):  JavaThread "Unknown thread" [_thread_in_vm, id=20784, stack(0x00000091b1d00000,0x00000091b1e00000)]

Stack: [0x00000091b1d00000,0x00000091b1e00000]
Native frames: (J=compiled Java code, j=interpreted, Vv=VM code, C=native code)
V  [jvm.dll+0x616f2a]
V  [jvm.dll+0x74de7f]
V  [jvm.dll+0x74f505]
V  [jvm.dll+0x74fb83]
V  [jvm.dll+0x2436d8]
V  [jvm.dll+0x61431a]
V  [jvm.dll+0x6090f5]
V  [jvm.dll+0x2f7eec]
V  [jvm.dll+0x2f7d72]
V  [jvm.dll+0x2fca26]
V  [jvm.dll+0x33efef]
V  [jvm.dll+0x33ea20]
V  [jvm.dll+0x2d5608]
V  [jvm.dll+0x2d6766]
V  [jvm.dll+0x7299e7]
V  [jvm.dll+0x72b28f]
V  [jvm.dll+0x34bd39]
V  [jvm.dll+0x70f360]
V  [jvm.dll+0x3b50df]
V  [jvm.dll+0x3b71e1]
C  [jli.dll+0x520b]
C  [ucrtbase.dll+0x21bb2]
C  [KERNEL32.DLL+0x17034]
C  [ntdll.dll+0x52651]


---------------  P R O C E S S  ---------------

Threads class SMR info:
_java_thread_list=0x00000287a80868f0, length=0, elements={
}

Java Threads: ( => current thread )

Other Threads:
  0x00000287a8203800 GCTaskThread "GC Thread#0" [stack: 0x00000091b1e00000,0x00000091b1f00000] [id=3420]
  0x00000287a8262000 ConcurrentGCThread "G1 Main Marker" [stack: 0x00000091b1f00000,0x00000091b2000000] [id=22212]
  0x00000287a8263800 ConcurrentGCThread "G1 Conc#0" [stack: 0x00000091b2000000,0x00000091b2100000] [id=12472]

[error occurred during error reporting (printing all threads), id 0xc0000005, EXCEPTION_ACCESS_VIOLATION (0xc0000005) at pc=0x00007ff9a07e4857]

VM state:not at safepoint (not fully initialized)

VM Mutex/Monitor currently owned by a thread:  ([mutex/lock_event])
[0x00000287a81ead80] Heap_lock - owner thread: 0x00000287a81ee800

Heap address: 0x0000000700c00000, size: 4084 MB, Compressed Oops mode: Non-zero based: 0x0000000700c00000
Narrow klass base: 0x0000000000000000, Narrow klass shift: 0

GC Heap History (0 events):
No events

Deoptimization events (0 events):
No events

Classes redefined (0 events):
No events

Internal exceptions (0 events):
No events

Events (0 events):
No events


Dynamic libraries:
0x00007ff6097f0000 - 0x00007ff6097ff000 	C:\Program Files\Java\jdk-11.0.11\bin\javaw.exe
0x00007ffa06690000 - 0x00007ffa06885000 	C:\Windows\SYSTEM32\ntdll.dll
0x00007ffa06110000 - 0x00007ffa061ce000 	C:\Windows\System32\KERNEL32.DLL
0x00007ffa04110000 - 0x00007ffa043d8000 	C:\Windows\System32\KERNELBASE.dll
0x00007ffa045f0000 - 0x00007ffa046f0000 	C:\Windows\System32\ucrtbase.dll
0x00007ffa01410000 - 0x00007ffa01425000 	C:\Program Files\Java\jdk-11.0.11\bin\VCRUNTIME140.dll
0x00007ffa015f0000 - 0x00007ffa01608000 	C:\Program Files\Java\jdk-11.0.11\bin\jli.dll
0x00007ffa05320000 - 0x00007ffa053ce000 	C:\Windows\System32\ADVAPI32.dll
0x00007ffa05460000 - 0x00007ffa054fe000 	C:\Windows\System32\msvcrt.dll
0x00007ffa04e40000 - 0x00007ffa04edc000 	C:\Windows\System32\sechost.dll
0x00007ffa05e60000 - 0x00007ffa05f85000 	C:\Windows\System32\RPCRT4.dll
0x00007ffa05530000 - 0x00007ffa056d0000 	C:\Windows\System32\USER32.dll
0x00007ff9f17d0000 - 0x00007ff9f1a6a000 	C:\Windows\WinSxS\amd64_microsoft.windows.common-controls_6595b64144ccf1df_6.0.19041.1110_none_60b5254171f9507e\COMCTL32.dll
0x00007ffa05500000 - 0x00007ffa0552a000 	C:\Windows\System32\GDI32.dll
0x00007ffa03db0000 - 0x00007ffa03dd2000 	C:\Windows\System32\win32u.dll
0x00007ffa03f30000 - 0x00007ffa0403b000 	C:\Windows\System32\gdi32full.dll
0x00007ffa04040000 - 0x00007ffa040dd000 	C:\Windows\System32\msvcp_win.dll
0x00007ff9f9960000 - 0x00007ff9f996a000 	C:\Windows\SYSTEM32\VERSION.dll
0x00007ffa06550000 - 0x00007ffa06580000 	C:\Windows\System32\IMM32.DLL
0x00007ff9ecd50000 - 0x00007ff9ecdeb000 	C:\Program Files\Java\jdk-11.0.11\bin\msvcp140.dll
0x00007ff9a0500000 - 0x00007ff9a0ffe000 	C:\Program Files\Java\jdk-11.0.11\bin\server\jvm.dll
0x00007ffa06450000 - 0x00007ffa06458000 	C:\Windows\System32\PSAPI.DLL
0x00007ff9f9ad0000 - 0x00007ff9f9af7000 	C:\Windows\SYSTEM32\WINMM.dll
0x00007ffa013f0000 - 0x00007ffa013f9000 	C:\Windows\SYSTEM32\WSOCK32.dll
0x00007ffa061d0000 - 0x00007ffa0623b000 	C:\Windows\System32\WS2_32.dll
0x00007ffa01cb0000 - 0x00007ffa01cc2000 	C:\Windows\SYSTEM32\kernel.appcore.dll
0x00007ffa013e0000 - 0x00007ffa013f0000 	C:\Program Files\Java\jdk-11.0.11\bin\verify.dll
0x00007ff9fd090000 - 0x00007ff9fd274000 	C:\Windows\SYSTEM32\DBGHELP.DLL
0x00007ff9f2180000 - 0x00007ff9f21ac000 	C:\Windows\SYSTEM32\dbgcore.DLL
0x00007ffa03e30000 - 0x00007ffa03eb2000 	C:\Windows\System32\bcryptPrimitives.dll
0x00007ff9f2440000 - 0x00007ff9f2468000 	C:\Program Files\Java\jdk-11.0.11\bin\java.dll
0x00007ff9ff880000 - 0x00007ff9ff88a000 	C:\Program Files\Java\jdk-11.0.11\bin\jimage.dll
0x00007ff9f4440000 - 0x00007ff9f4456000 	C:\Program Files\Java\jdk-11.0.11\bin\zip.dll

dbghelp: loaded successfully - version: 4.0.5 - missing functions: none
symbol engine: initialized successfully - sym options: 0x614 - pdb path: .;C:\Program Files\Java\jdk-11.0.11\bin;C:\Windows\SYSTEM32;C:\Windows\WinSxS\amd64_microsoft.windows.common-controls_6595b64144ccf1df_6.0.19041.1110_none_60b5254171f9507e;C:\Program Files\Java\jdk-11.0.11\bin\server

VM Arguments:
jvm_args: -Dfile.encoding=UTF-8 
java_command: btt_telecom.api.ApiApplication
java_class_path (initial): D:\dev\projects\btt_telecom\btt_telecom-app\api\target\classes;C:\Users\Carlos\.m2\repository\org\springframework\boot\spring-boot-starter-data-jpa\2.6.6\spring-boot-starter-data-jpa-2.6.6.jar;C:\Users\Carlos\.m2\repository\org\springframework\boot\spring-boot-starter-aop\2.6.6\spring-boot-starter-aop-2.6.6.jar;C:\Users\Carlos\.m2\repository\org\aspectj\aspectjweaver\1.9.7\aspectjweaver-1.9.7.jar;C:\Users\Carlos\.m2\repository\org\springframework\boot\spring-boot-starter-jdbc\2.6.6\spring-boot-starter-jdbc-2.6.6.jar;C:\Users\Carlos\.m2\repository\com\zaxxer\HikariCP\4.0.3\HikariCP-4.0.3.jar;C:\Users\Carlos\.m2\repository\org\springframework\spring-jdbc\5.3.18\spring-jdbc-5.3.18.jar;C:\Users\Carlos\.m2\repository\jakarta\transaction\jakarta.transaction-api\1.3.3\jakarta.transaction-api-1.3.3.jar;C:\Users\Carlos\.m2\repository\jakarta\persistence\jakarta.persistence-api\2.2.3\jakarta.persistence-api-2.2.3.jar;C:\Users\Carlos\.m2\repository\org\hibernate\hibernate-core\5.6.7.Final\hibernate-core-5.6.7.Final.jar;C:\Users\Carlos\.m2\repository\org\jboss\logging\jboss-logging\3.4.3.Final\jboss-logging-3.4.3.Final.jar;C:\Users\Carlos\.m2\repository\net\bytebuddy\byte-buddy\1.11.22\byte-buddy-1.11.22.jar;C:\Users\Carlos\.m2\repository\antlr\antlr\2.7.7\antlr-2.7.7.jar;C:\Users\Carlos\.m2\repository\org\jboss\jandex\2.4.2.Final\jandex-2.4.2.Final.jar;C:\Users\Carlos\.m2\repository\com\fasterxml\classmate\1.5.1\classmate-1.5.1.jar;C:\Users\Carlos\.m2\repository\org\hibernate\common\hibernate-commons-annotations\5.1.2.Final\hibernate-commons-annotations-5.1.2.Final.jar;C:\Users\Carlos\.m2\repository\org\glassfish\jaxb\jaxb-runtime\2.3.6\jaxb-runtime-2.3.6.jar;C:\Users\Carlos\.m2\repository\org\glassfish\jaxb\txw2\2.3.6\txw2-2.3.6.jar;C:\Users\Carlos\.m2\repository\com\sun\istack\istack-commons-runtime\3.0.12\istack-commons-runtime-3.0.12.jar;C:\Users\Carlos\.m2\repository\com\sun\activation\jakarta.activation\1.2.2\jakarta.activation-1.2.2.jar;C:\U
Launcher Type: SUN_STANDARD

[Global flags]
     intx CICompilerCount                          = 4                                         {product} {ergonomic}
     uint ConcGCThreads                            = 3                                         {product} {ergonomic}
     uint G1ConcRefinementThreads                  = 10                                        {product} {ergonomic}
   size_t G1HeapRegionSize                         = 1048576                                   {product} {ergonomic}
    uintx GCDrainStackTargetSize                   = 64                                        {product} {ergonomic}
   size_t InitialHeapSize                          = 268435456                                 {product} {ergonomic}
   size_t MarkStackSize                            = 4194304                                   {product} {ergonomic}
   size_t MaxHeapSize                              = 4282384384                                {product} {ergonomic}
   size_t MinHeapDeltaBytes                        = 1048576                                   {product} {ergonomic}
    uintx NonNMethodCodeHeapSize                   = 5836300                                {pd product} {ergonomic}
    uintx NonProfiledCodeHeapSize                  = 122910970                              {pd product} {ergonomic}
    uintx ProfiledCodeHeapSize                     = 122910970                              {pd product} {ergonomic}
    uintx ReservedCodeCacheSize                    = 251658240                              {pd product} {ergonomic}
     bool SegmentedCodeCache                       = true                                      {product} {ergonomic}
     bool UseCompressedClassPointers               = true                                 {lp64_product} {ergonomic}
     bool UseCompressedOops                        = true                                 {lp64_product} {ergonomic}
     bool UseG1GC                                  = true                                      {product} {ergonomic}
     bool UseLargePagesIndividualAllocation        = false                                  {pd product} {ergonomic}

Logging:
Log output configuration:
 #0: stdout all=warning uptime,level,tags
 #1: stderr all=off uptime,level,tags

Environment Variables:
PATH=C:\Program Files\Common Files\Oracle\Java\javapath;C:\Windows\system32;C:\Windows;C:\Windows\System32\Wbem;C:\Windows\System32\WindowsPowerShell\v1.0\;C:\Windows\System32\OpenSSH\;D:\dev\git\Git\cmd;D:\dev\node\;C:\Program Files\PuTTY\;C:\Users\Carlos\AppData\Local\Microsoft\WindowsApps;D:\softwares\agencia_wda\Sophos SSL VPN Client\bin;D:\dev\vs_code\Microsoft VS Code\bin;D:\dev\heroku_cli\heroku\bin;C:\Users\Carlos\AppData\Roaming\npm
USERNAME=Carlos
OS=Windows_NT
PROCESSOR_IDENTIFIER=AMD64 Family 23 Model 8 Stepping 2, AuthenticAMD



---------------  S Y S T E M  ---------------

OS: Windows 10 , 64 bit Build 19041 (10.0.19041.1645)
Hyper-V role detected

CPU:total 12 (initial active 12) (12 cores per cpu, 2 threads per core) family 23 model 8 stepping 2 microcode 0x0, cmov, cx8, fxsr, mmx, sse, sse2, sse3, ssse3, sse4.1, sse4.2, popcnt, avx, avx2, aes, clmul, mmxext, 3dnowpref, lzcnt, sse4a, ht, tsc, tscinvbit, tscinv, bmi1, bmi2, adx, s

Memory: 4k page, system-wide physical 16332M (4508M free)
TotalPageFile size 26826M (AvailPageFile size 81M)
current process WorkingSet (physical memory assigned to process): 10M, peak: 10M
current process commit charge ("private bytes"): 64M, peak: 320M

vm_info: Java HotSpot(TM) 64-Bit Server VM (11.0.11+9-LTS-194) for windows-amd64 JRE (11.0.11+9-LTS-194), built on Mar 18 2021 18:46:53 by "mach5one" with MS VC++ 15.9 (VS2017)

END.
